<?xml version="1.0" encoding="UTF-8"?>
<!-- Generated by org.testng.reporters.JUnitReportReporter -->
<testsuite hostname="DESKTOP-ROFUC2D" failures="0" tests="2" name="company.tests.SubmitOrderTest" time="102.593" errors="0" timestamp="2024-01-15T19:24:57 IST" skipped="0">
  <testcase classname="company.tests.SubmitOrderTest" name="submitOrder" time="31.736"/>
  <testcase classname="company.tests.SubmitOrderTest" name="submitOrder" time="70.857"/>
</testsuite> <!-- company.tests.SubmitOrderTest -->
