<?xml version="1.0" encoding="UTF-8"?>
<!-- Generated by org.testng.reporters.JUnitReportReporter -->
<testsuite hostname="DESKTOP-ROFUC2D" failures="0" tests="1" name="cucumber.TestNGTestRunner" time="33.663" errors="0" timestamp="2024-01-15T16:20:02 IST" skipped="0">
  <testcase classname="cucumber.TestNGTestRunner" name="runScenario" time="33.663"/>
</testsuite> <!-- cucumber.TestNGTestRunner -->
