<?xml version="1.0" encoding="UTF-8"?>
<!-- Generated by org.testng.reporters.JUnitReportReporter -->
<testsuite hostname="DESKTOP-ROFUC2D" failures="0" tests="1" name="company.tests.ErrorValidations" time="20.892" errors="0" timestamp="2024-01-13T12:20:45 IST" skipped="0">
  <testcase classname="company.tests.ErrorValidations" name="verifyLoginError" time="20.892"/>
</testsuite> <!-- company.tests.ErrorValidations -->
