<?xml version="1.0" encoding="UTF-8"?>
<!-- Generated by org.testng.reporters.JUnitReportReporter -->
<testsuite hostname="DESKTOP-ROFUC2D" failures="0" tests="1" name="cucumber.TestNGTestRunner" time="143.190" errors="0" timestamp="2024-01-15T17:09:22 IST" skipped="0">
  <testcase classname="cucumber.TestNGTestRunner" name="runScenario" time="143.190"/>
</testsuite> <!-- cucumber.TestNGTestRunner -->
