<?xml version="1.0" encoding="UTF-8"?>
<!-- Generated by org.testng.reporters.JUnitReportReporter -->
<testsuite hostname="DESKTOP-ROFUC2D" failures="0" tests="4" name="company.tests.SubmitOrderTest" time="79.420" errors="0" timestamp="2024-01-14T21:11:43 IST" skipped="0">
  <testcase classname="company.tests.SubmitOrderTest" name="orderHistory" time="7.678"/>
  <testcase classname="company.tests.SubmitOrderTest" name="submitOrder" time="24.309"/>
  <testcase classname="company.tests.SubmitOrderTest" name="orderHistory" time="22.182"/>
  <testcase classname="company.tests.SubmitOrderTest" name="submitOrder" time="25.251"/>
</testsuite> <!-- company.tests.SubmitOrderTest -->
